<?xml version="1.0" encoding="UTF-8"?>
<!-- Generated by org.testng.reporters.JUnitReportReporter -->
<testsuite skipped="0" hostname="DESKTOP-7J0E1U4" name="test.DeleteEmployeeData" tests="1" failures="0" timestamp="2022-01-08T22:51:53 CST" time="0.751" errors="0">
  <testcase name="deleteEmployee" time="0.751" classname="test.DeleteEmployeeData"/>
  <system-out/>
</testsuite> <!-- test.DeleteEmployeeData -->
