<?xml version="1.0" encoding="UTF-8"?>
<!-- Generated by org.testng.reporters.JUnitReportReporter -->
<testsuite skipped="0" hostname="DESKTOP-7J0E1U4" name="test.PostEmployeeData" tests="2" failures="0" timestamp="2022-01-08T22:51:53 CST" time="28.410" errors="0">
  <testcase name="postEmployeeData" time="21.690" classname="test.PostEmployeeData"/>
  <system-out/>
  <testcase name="postEmployeeData" time="6.720" classname="test.PostEmployeeData"/>
  <system-out/>
</testsuite> <!-- test.PostEmployeeData -->
